<?xml version="1.0" encoding="UTF-8"?>
<!-- Generated by org.testng.reporters.JUnitReportReporter -->
<testsuite skipped="0" hostname="Bhuvaneswari-PC" name="testcases.TC004_EditLead" tests="2" failures="0" timestamp="08 May 2018 17:02:37 GMT" time="50.663" errors="0">
  <testcase name="EditLead" time="25.143" classname="testcases.TC004_EditLead"/>
  <testcase name="EditLead" time="25.520" classname="testcases.TC004_EditLead"/>
</testsuite> <!-- testcases.TC004_EditLead -->
