<?xml version="1.0" encoding="UTF-8"?>
<!-- Generated by org.testng.reporters.JUnitReportReporter -->
<testsuite skipped="0" hostname="Bhuvaneswari-PC" name="testcases.TC003_CreateLead" tests="4" failures="0" timestamp="11 May 2018 04:26:50 GMT" time="126.132" errors="0">
  <testcase name="CreateLead" time="59.815" classname="testcases.TC003_CreateLead"/>
  <testcase name="CreateLead" time="23.455" classname="testcases.TC003_CreateLead"/>
  <testcase name="CreateLead" time="22.199" classname="testcases.TC003_CreateLead"/>
  <testcase name="CreateLead" time="20.663" classname="testcases.TC003_CreateLead"/>
</testsuite> <!-- testcases.TC003_CreateLead -->
